nohup: ignoring input
in dir=/mnt/data/lmc/uk2002
bp dir=/mnt/data/lmc/uk2002_bp
out dir=/mnt/data/lmc/uk2002_label
core graph dir=/mnt/data/lmc/uk2002_tmp
max width=120
threads=2
Load Time : 8.910399 seconds
* #{blocks} = 10, #{vertices} = 18483186
 loading bp 
 load bp suc 
n=1866801
0 local node=1866801, local edge cnt=59227648
1 local node=1866799, local edge cnt=61932616
2 local node=1685503, local edge cnt=41604820
3 local node=1866801, local edge cnt=38685656
4 local node=1863690, local edge cnt=34447878
5 local node=1866796, local edge cnt=57375752
6 local node=1866794, local edge cnt=82968422
7 local node=1866600, local edge cnt=57408784
8 local node=1866796, local edge cnt=40400352
9 local node=1866606, local edge cnt=46807132
0 Initializing q... 
0 t=0.933621 secs
0 Initializing E...
0 t=2.99173 secs
0 Reducing Graph...
333334 nodes reduced, score[x]=3, remaining size=82.144% t=3.522 secs, bp query cost 0.000 secs
480454 nodes reduced, score[x]=7, remaining size=74.263% t=3.972 secs, bp query cost 0.000 secs
591566 nodes reduced, score[x]=9, remaining size=68.311% t=4.446 secs, bp query cost 0.000 secs
682476 nodes reduced, score[x]=11, remaining size=63.441% t=4.958 secs, bp query cost 0.000 secs
759400 nodes reduced, score[x]=13, remaining size=59.321% t=5.494 secs, bp query cost 0.000 secs
826067 nodes reduced, score[x]=15, remaining size=55.750% t=5.970 secs, bp query cost 0.000 secs
888569 nodes reduced, score[x]=16, remaining size=52.402% t=6.444 secs, bp query cost 0.000 secs
944125 nodes reduced, score[x]=18, remaining size=49.426% t=6.912 secs, bp query cost 0.000 secs
996757 nodes reduced, score[x]=19, remaining size=46.606% t=7.392 secs, bp query cost 0.000 secs
1046758 nodes reduced, score[x]=20, remaining size=43.928% t=7.871 secs, bp query cost 0.000 secs
1094378 nodes reduced, score[x]=21, remaining size=41.377% t=8.368 secs, bp query cost 0.000 secs
1137857 nodes reduced, score[x]=23, remaining size=39.048% t=8.835 secs, bp query cost 0.000 secs
1179524 nodes reduced, score[x]=24, remaining size=36.816% t=9.322 secs, bp query cost 0.000 secs
1217986 nodes reduced, score[x]=26, remaining size=34.755% t=9.805 secs, bp query cost 0.000 secs
1255025 nodes reduced, score[x]=27, remaining size=32.771% t=10.290 secs, bp query cost 0.000 secs
1289509 nodes reduced, score[x]=29, remaining size=30.924% t=10.822 secs, bp query cost 0.000 secs
1322843 nodes reduced, score[x]=30, remaining size=29.139% t=11.288 secs, bp query cost 0.000 secs
1354095 nodes reduced, score[x]=32, remaining size=27.464% t=11.761 secs, bp query cost 0.000 secs
1383508 nodes reduced, score[x]=34, remaining size=25.889% t=12.240 secs, bp query cost 0.000 secs
1412080 nodes reduced, score[x]=35, remaining size=24.358% t=12.682 secs, bp query cost 0.000 secs
1439108 nodes reduced, score[x]=37, remaining size=22.910% t=13.181 secs, bp query cost 0.000 secs
1464751 nodes reduced, score[x]=39, remaining size=21.537% t=13.670 secs, bp query cost 0.000 secs
1488562 nodes reduced, score[x]=42, remaining size=20.261% t=14.170 secs, bp query cost 0.000 secs
1511291 nodes reduced, score[x]=44, remaining size=19.044% t=14.670 secs, bp query cost 0.000 secs
1533031 nodes reduced, score[x]=46, remaining size=17.879% t=15.156 secs, bp query cost 0.000 secs
1553032 nodes reduced, score[x]=50, remaining size=16.808% t=15.739 secs, bp query cost 0.000 secs
2 reduce finished, time=16.9632s
1571554 nodes reduced, score[x]=54, remaining size=15.816% t=16.278 secs, bp query cost 0.000 secs
4 reduce finished, time=17.2877s
1588798 nodes reduced, score[x]=58, remaining size=14.892% t=16.813 secs, bp query cost 0.000 secs
8 reduce finished, time=18.0675s
3 reduce finished, time=18.082s
1604547 nodes reduced, score[x]=64, remaining size=14.048% t=17.360 secs, bp query cost 0.000 secs
1618838 nodes reduced, score[x]=70, remaining size=13.283% t=17.964 secs, bp query cost 0.000 secs
7 reduce finished, time=19.3305s
1631784 nodes reduced, score[x]=78, remaining size=12.589% t=18.624 secs, bp query cost 0.000 secs
5 reduce finished, time=19.9994s
1643148 nodes reduced, score[x]=88, remaining size=11.981% t=19.301 secs, bp query cost 0.000 secs
9 reduce finished, time=20.5578s
1653458 nodes reduced, score[x]=97, remaining size=11.428% t=19.891 secs, bp query cost 0.000 secs
1 reduce finished, time=20.8902s
1662389 nodes reduced, score[x]=112, remaining size=10.950% t=20.592 secs, bp query cost 0.000 secs
0 reduce finished, time=20.9166s
Reordering edges...
6 reduce finished, time=25.7118s
0 Reduce finished, t=45.545 secs
n_core=200658,m_core=26115648,node_rate=0.107,edge_rate=0.441
1 Reduce finished, t=46.381 secs
n_core=225131,m_core=26899846,node_rate=0.121,edge_rate=0.434
2 Reduce finished, t=46.381 secs
n_core=125179,m_core=16525402,node_rate=0.074,edge_rate=0.397
3 Reduce finished, t=46.382 secs
n_core=166945,m_core=24257937,node_rate=0.089,edge_rate=0.627
4 Reduce finished, t=46.382 secs
n_core=132989,m_core=18048377,node_rate=0.071,edge_rate=0.524
5 Reduce finished, t=46.382 secs
n_core=145519,m_core=21470450,node_rate=0.078,edge_rate=0.374
6 Reduce finished, t=46.382 secs
n_core=176994,m_core=26961018,node_rate=0.095,edge_rate=0.325
7 Reduce finished, t=46.382 secs
n_core=130441,m_core=18614915,node_rate=0.070,edge_rate=0.324
8 Reduce finished, t=46.382 secs
n_core=94929,m_core=11886500,node_rate=0.051,edge_rate=0.294
9 Reduce finished, t=46.382 secs
n_core=81380,m_core=13769497,node_rate=0.044,edge_rate=0.294
global n=18483186, global m=523574516, global_n_core = 1480165, global_m_core=204549590, removed=0, node_rate=0.0800817, edge_rate=0.390679, removed_rate=0
Creating Tree...
Core tree constructed, maxh=218, maxdep=155, cnt_root=288034, max_stree=2770, avg_rsize=48.504, t=5.839 secs
Computing Tree Label...
8 Tree Label Computed, t=8.705 secs, maxdis=120, tree label size=459.906 MB
4 Tree Label Computed, t=8.155 secs, maxdis=120, tree label size=467.413 MB
2 Tree Label Computed, t=8.387 secs, maxdis=120, tree label size=389.154 MB
9 Tree Label Computed, t=9.926 secs, maxdis=97, tree label size=485.267 MB
3 Tree Label Computed, t=8.580 secs, maxdis=120, tree label size=491.977 MB
7 Tree Label Computed, t=9.117 secs, maxdis=120, tree label size=437.154 MB
5 Tree Label Computed, t=9.695 secs, maxdis=120, tree label size=447.392 MB
0 Tree Label Computed, t=10.155 secs, maxdis=120, tree label size=485.621 MB
Block Initialization Time : 79.948411 seconds
1 Tree Label Computed, t=10.444 secs, maxdis=120, tree label size=460.892 MB
6 Tree Label Computed, t=12.881 secs, maxdis=120, tree label size=495.343 MB
Superstep 1 done. Time elapsed: 0.000267982 seconds
#bmsgs: 0
Communication Time : 0.000183 seconds
- Serialization Time : 0.000002 seconds
- Transfer Time : 0.000177 seconds
Total Computational Time : 0.000341 seconds
Total #msgs=0
Total #bmsgs=0
Dump Time : 43.441882 seconds
